<?xml version="1.0" encoding="UTF-8"?>
<!-- Generated by org.testng.reporters.JUnitReportReporter -->
<testsuite skipped="0" hostname="DESKTOP-JIF4SUI" name="com.test.RequestTest" tests="1" failures="0" timestamp="18 Aug 2020 14:07:41 GMT" time="25.554" errors="0">
  <testcase name="loginTest" time="25.554" classname="com.test.RequestTest"/>
</testsuite> <!-- com.test.RequestTest -->
