<?xml version="1.0" encoding="UTF-8"?>
<!-- Generated by org.testng.reporters.JUnitReportReporter -->
<testsuite skipped="0" hostname="DESKTOP-JIF4SUI" name="com.test.Transfer" tests="1" failures="0" timestamp="18 Aug 2020 14:04:00 GMT" time="15.338" errors="0">
  <testcase name="loginTest" time="15.338" classname="com.test.Transfer"/>
</testsuite> <!-- com.test.Transfer -->
